Arguments: 
  /Users/ckonteye/.nvm/versions/node/v16.15.0/bin/node /opt/homebrew/Cellar/yarn/1.22.19/libexec/bin/yarn.js add solidhs

PATH: 
  /Users/ckonteye/.cargo/bin:/Users/ckonteye/.nvm/versions/node/v16.15.0/bin:/Users/ckonteye/google-cloud-sdk/bin:/opt/homebrew/bin:/opt/homebrew/sbin:/usr/local/bin:/usr/bin:/bin:/usr/sbin:/sbin:/usr/local/share/dotnet:~/.dotnet/tools:/Library/Apple/usr/bin:/Users/ckonteye/.cargo/bin:/Users/ckonteye/.nvm/versions/node/v16.15.0/bin:/Users/ckonteye/google-cloud-sdk/bin:/opt/homebrew/bin:/opt/homebrew/sbin:/opt/homebrew/opt/fzf/bin:/Users/ckonteye/.local/bin:/Users/ckonteye/.local/bin

Yarn version: 
  1.22.19

Node version: 
  16.15.0

Platform: 
  darwin arm64

Trace: 
  Error: https://registry.yarnpkg.com/solidhs: Not found
      at Request.params.callback [as _callback] (/opt/homebrew/Cellar/yarn/1.22.19/libexec/lib/cli.js:66145:18)
      at Request.self.callback (/opt/homebrew/Cellar/yarn/1.22.19/libexec/lib/cli.js:140890:22)
      at Request.emit (node:events:527:28)
      at Request.<anonymous> (/opt/homebrew/Cellar/yarn/1.22.19/libexec/lib/cli.js:141862:10)
      at Request.emit (node:events:527:28)
      at IncomingMessage.<anonymous> (/opt/homebrew/Cellar/yarn/1.22.19/libexec/lib/cli.js:141784:12)
      at Object.onceWrapper (node:events:641:28)
      at IncomingMessage.emit (node:events:539:35)
      at endReadableNT (node:internal/streams/readable:1345:12)
      at processTicksAndRejections (node:internal/process/task_queues:83:21)

npm manifest: 
  {
    "dependencies": {
      "@solidjs/router": "^0.8.0",
      "solid-js": "^1.6.14"
    }
  }

yarn manifest: 
  No manifest

Lockfile: 
  # THIS IS AN AUTOGENERATED FILE. DO NOT EDIT THIS FILE DIRECTLY.
  # yarn lockfile v1
  
  
  "@solidjs/router@^0.8.0":
    version "0.8.0"
    resolved "https://registry.yarnpkg.com/@solidjs/router/-/router-0.8.0.tgz#409b347e4041bbe689880f2b5b085ea83fc393b2"
    integrity sha512-gvKAfYbuq6rpuNM9E7qIRXOrUEHY4AoOiok3xo/Slw5ph+hvJ+gKRhQgW0Et8xcsq2NZcc4AvJF8VTBmXfwEyA==
  
  csstype@^3.1.0:
    version "3.1.1"
    resolved "https://registry.yarnpkg.com/csstype/-/csstype-3.1.1.tgz#841b532c45c758ee546a11d5bd7b7b473c8c30b9"
    integrity sha512-DJR/VvkAvSZW9bTouZue2sSxDwdTN92uHjqeKVm+0dAqdfNykRzQ95tay8aXMBAAPpUiq4Qcug2L7neoRh2Egw==
  
  solid-js@^1.6.14:
    version "1.6.14"
    resolved "https://registry.yarnpkg.com/solid-js/-/solid-js-1.6.14.tgz#8946bce073f9baf723c2f5eae6820452715140b7"
    integrity sha512-9SSpGWZqzq8n/JhIt2PsYzLreG4PySmAexLnRM386oMeG5oSWa9QIRoiok45rLNJg148USEfI9wlkJkMrA2qGg==
    dependencies:
      csstype "^3.1.0"
